{"level":"info","message":"Server Berjalan di port 3001","timestamp":"2025-08-18T13:46:10.680Z"}
{"level":"info","message":"Endpoint Inngest tersedia di http://localhost:3001/api/inngest","timestamp":"2025-08-18T13:46:10.683Z"}
{"level":"info","message":"Server Berjalan di port 3001","timestamp":"2025-08-18T13:49:33.327Z"}
{"level":"info","message":"Endpoint Inngest tersedia di http://localhost:3001/api/inngest","timestamp":"2025-08-18T13:49:33.331Z"}
{"level":"info","message":"Server Berjalan di port 3001","timestamp":"2025-08-18T13:49:41.116Z"}
{"level":"info","message":"Endpoint Inngest tersedia di http://localhost:3001/api/inngest","timestamp":"2025-08-18T13:49:41.119Z"}
{"level":"info","message":"Server Berjalan di port 3001","timestamp":"2025-08-18T13:49:47.083Z"}
{"level":"info","message":"Endpoint Inngest tersedia di http://localhost:3001/api/inngest","timestamp":"2025-08-18T13:49:47.087Z"}
{"level":"info","message":"Server Berjalan di port 3001","timestamp":"2025-08-18T13:49:56.107Z"}
{"level":"info","message":"Endpoint Inngest tersedia di http://localhost:3001/api/inngest","timestamp":"2025-08-18T13:49:56.110Z"}
{"level":"info","message":"Server Berjalan di port 3001","timestamp":"2025-08-18T13:50:12.036Z"}
{"level":"info","message":"Endpoint Inngest tersedia di http://localhost:3001/api/inngest","timestamp":"2025-08-18T13:50:12.040Z"}
{"level":"info","message":"Server Berjalan di port 3001","timestamp":"2025-08-18T13:50:16.882Z"}
{"level":"info","message":"Endpoint Inngest tersedia di http://localhost:3001/api/inngest","timestamp":"2025-08-18T13:50:16.886Z"}
{"level":"info","message":"Server Berjalan di port 3001","timestamp":"2025-08-18T13:50:31.845Z"}
{"level":"info","message":"Endpoint Inngest tersedia di http://localhost:3001/api/inngest","timestamp":"2025-08-18T13:50:31.848Z"}
{"level":"info","message":"Server Berjalan di port 3001","timestamp":"2025-08-18T13:50:38.301Z"}
{"level":"info","message":"Endpoint Inngest tersedia di http://localhost:3001/api/inngest","timestamp":"2025-08-18T13:50:38.306Z"}
{"level":"info","message":"Server Berjalan di port 3001","timestamp":"2025-08-18T13:50:41.397Z"}
{"level":"info","message":"Endpoint Inngest tersedia di http://localhost:3001/api/inngest","timestamp":"2025-08-18T13:50:41.402Z"}
{"level":"info","message":"Server Berjalan di port 3001","timestamp":"2025-08-18T13:50:45.261Z"}
{"level":"info","message":"Endpoint Inngest tersedia di http://localhost:3001/api/inngest","timestamp":"2025-08-18T13:50:45.266Z"}
{"level":"info","message":"Server Berjalan di port 3001","timestamp":"2025-08-18T13:50:49.319Z"}
{"level":"info","message":"Endpoint Inngest tersedia di http://localhost:3001/api/inngest","timestamp":"2025-08-18T13:50:49.322Z"}
{"level":"info","message":"Server Berjalan di port 3001","timestamp":"2025-08-18T13:50:54.147Z"}
{"level":"info","message":"Endpoint Inngest tersedia di http://localhost:3001/api/inngest","timestamp":"2025-08-18T13:50:54.150Z"}
{"level":"info","message":"Server Berjalan di port 3001","timestamp":"2025-08-18T13:51:00.629Z"}
{"level":"info","message":"Endpoint Inngest tersedia di http://localhost:3001/api/inngest","timestamp":"2025-08-18T13:51:00.633Z"}
{"level":"info","message":"Server Berjalan di port 3001","timestamp":"2025-08-18T13:51:03.505Z"}
{"level":"info","message":"Endpoint Inngest tersedia di http://localhost:3001/api/inngest","timestamp":"2025-08-18T13:51:03.508Z"}
{"level":"info","message":"Server Berjalan di port 3001","timestamp":"2025-08-18T13:51:08.559Z"}
{"level":"info","message":"Endpoint Inngest tersedia di http://localhost:3001/api/inngest","timestamp":"2025-08-18T13:51:08.562Z"}
{"level":"info","message":"Server Berjalan di port 3001","timestamp":"2025-08-18T13:51:14.174Z"}
{"level":"info","message":"Endpoint Inngest tersedia di http://localhost:3001/api/inngest","timestamp":"2025-08-18T13:51:14.177Z"}
{"level":"info","message":"Server Berjalan di port 3001","timestamp":"2025-08-18T13:51:17.498Z"}
{"level":"info","message":"Endpoint Inngest tersedia di http://localhost:3001/api/inngest","timestamp":"2025-08-18T13:51:17.501Z"}
{"level":"info","message":"Server Berjalan di port 3001","timestamp":"2025-08-18T13:51:20.292Z"}
{"level":"info","message":"Endpoint Inngest tersedia di http://localhost:3001/api/inngest","timestamp":"2025-08-18T13:51:20.295Z"}
{"level":"info","message":"Server Berjalan di port 3001","timestamp":"2025-08-18T13:51:25.938Z"}
{"level":"info","message":"Endpoint Inngest tersedia di http://localhost:3001/api/inngest","timestamp":"2025-08-18T13:51:25.942Z"}
{"level":"info","message":"Server Berjalan di port 3001","timestamp":"2025-08-18T13:51:29.271Z"}
{"level":"info","message":"Endpoint Inngest tersedia di http://localhost:3001/api/inngest","timestamp":"2025-08-18T13:51:29.275Z"}
{"level":"info","message":"Server Berjalan di port 3001","timestamp":"2025-08-18T13:51:32.180Z"}
{"level":"info","message":"Endpoint Inngest tersedia di http://localhost:3001/api/inngest","timestamp":"2025-08-18T13:51:32.185Z"}
{"level":"info","message":"Server Berjalan di port 3001","timestamp":"2025-08-18T13:51:35.755Z"}
{"level":"info","message":"Endpoint Inngest tersedia di http://localhost:3001/api/inngest","timestamp":"2025-08-18T13:51:35.761Z"}
{"level":"info","message":"Server Berjalan di port 3001","timestamp":"2025-08-18T13:51:39.922Z"}
{"level":"info","message":"Endpoint Inngest tersedia di http://localhost:3001/api/inngest","timestamp":"2025-08-18T13:51:39.926Z"}
{"level":"info","message":"Server Berjalan di port 3001","timestamp":"2025-08-18T13:51:42.669Z"}
{"level":"info","message":"Endpoint Inngest tersedia di http://localhost:3001/api/inngest","timestamp":"2025-08-18T13:51:42.673Z"}
{"level":"info","message":"Server Berjalan di port 3001","timestamp":"2025-08-18T13:51:47.417Z"}
{"level":"info","message":"Endpoint Inngest tersedia di http://localhost:3001/api/inngest","timestamp":"2025-08-18T13:51:47.420Z"}
{"level":"info","message":"Server Berjalan di port 3001","timestamp":"2025-08-18T13:51:53.398Z"}
{"level":"info","message":"Endpoint Inngest tersedia di http://localhost:3001/api/inngest","timestamp":"2025-08-18T13:51:53.401Z"}
{"level":"info","message":"Server Berjalan di port 3001","timestamp":"2025-08-18T13:51:59.542Z"}
{"level":"info","message":"Endpoint Inngest tersedia di http://localhost:3001/api/inngest","timestamp":"2025-08-18T13:51:59.546Z"}
{"level":"info","message":"Server Berjalan di port 3001","timestamp":"2025-08-18T13:52:03.691Z"}
{"level":"info","message":"Endpoint Inngest tersedia di http://localhost:3001/api/inngest","timestamp":"2025-08-18T13:52:03.696Z"}
{"level":"info","message":"Server Berjalan di port 3001","timestamp":"2025-08-18T13:52:07.706Z"}
{"level":"info","message":"Endpoint Inngest tersedia di http://localhost:3001/api/inngest","timestamp":"2025-08-18T13:52:07.712Z"}
{"level":"info","message":"Server Berjalan di port 3001","timestamp":"2025-08-18T13:52:10.347Z"}
{"level":"info","message":"Endpoint Inngest tersedia di http://localhost:3001/api/inngest","timestamp":"2025-08-18T13:52:10.351Z"}
{"level":"info","message":"Server Berjalan di port 3001","timestamp":"2025-08-18T13:52:18.191Z"}
{"level":"info","message":"Endpoint Inngest tersedia di http://localhost:3001/api/inngest","timestamp":"2025-08-18T13:52:18.194Z"}
{"level":"info","message":"Server Berjalan di port 3001","timestamp":"2025-08-18T16:28:39.362Z"}
{"level":"info","message":"Endpoint Inngest tersedia di http://localhost:3001/api/inngest","timestamp":"2025-08-18T16:28:39.372Z"}
{"level":"info","message":"Server Berjalan di port 3001","timestamp":"2025-08-18T16:28:43.457Z"}
{"level":"info","message":"Endpoint Inngest tersedia di http://localhost:3001/api/inngest","timestamp":"2025-08-18T16:28:43.461Z"}
{"level":"info","message":"Server Berjalan di port 3001","timestamp":"2025-08-18T16:28:47.744Z"}
{"level":"info","message":"Endpoint Inngest tersedia di http://localhost:3001/api/inngest","timestamp":"2025-08-18T16:28:47.749Z"}
{"level":"info","message":"Server Berjalan di port 3001","timestamp":"2025-08-18T16:28:53.060Z"}
{"level":"info","message":"Endpoint Inngest tersedia di http://localhost:3001/api/inngest","timestamp":"2025-08-18T16:28:53.065Z"}
{"level":"info","message":"Server Berjalan di port 3001","timestamp":"2025-08-18T16:29:10.064Z"}
{"level":"info","message":"Endpoint Inngest tersedia di http://localhost:3001/api/inngest","timestamp":"2025-08-18T16:29:10.071Z"}
{"level":"info","message":"Server Berjalan di port 3001","timestamp":"2025-08-18T16:29:21.381Z"}
{"level":"info","message":"Endpoint Inngest tersedia di http://localhost:3001/api/inngest","timestamp":"2025-08-18T16:29:21.387Z"}
{"level":"info","message":"Server Berjalan di port 3001","timestamp":"2025-08-18T16:29:27.531Z"}
{"level":"info","message":"Endpoint Inngest tersedia di http://localhost:3001/api/inngest","timestamp":"2025-08-18T16:29:27.537Z"}
{"level":"info","message":"Server Berjalan di port 3001","timestamp":"2025-08-18T16:29:38.070Z"}
{"level":"info","message":"Endpoint Inngest tersedia di http://localhost:3001/api/inngest","timestamp":"2025-08-18T16:29:38.076Z"}
{"level":"info","message":"Server Berjalan di port 3001","timestamp":"2025-08-18T16:29:41.859Z"}
{"level":"info","message":"Endpoint Inngest tersedia di http://localhost:3001/api/inngest","timestamp":"2025-08-18T16:29:41.863Z"}
{"level":"info","message":"Server Berjalan di port 3001","timestamp":"2025-08-18T16:29:59.549Z"}
{"level":"info","message":"Endpoint Inngest tersedia di http://localhost:3001/api/inngest","timestamp":"2025-08-18T16:29:59.553Z"}
{"level":"info","message":"Server Berjalan di port 3001","timestamp":"2025-08-18T16:30:04.173Z"}
{"level":"info","message":"Endpoint Inngest tersedia di http://localhost:3001/api/inngest","timestamp":"2025-08-18T16:30:04.177Z"}
{"level":"info","message":"Server Berjalan di port 3001","timestamp":"2025-08-18T16:30:09.409Z"}
{"level":"info","message":"Endpoint Inngest tersedia di http://localhost:3001/api/inngest","timestamp":"2025-08-18T16:30:09.414Z"}
{"level":"info","message":"Server Berjalan di port 3001","timestamp":"2025-08-18T16:30:16.431Z"}
{"level":"info","message":"Endpoint Inngest tersedia di http://localhost:3001/api/inngest","timestamp":"2025-08-18T16:30:16.435Z"}
{"level":"info","message":"Server Berjalan di port 3001","timestamp":"2025-08-18T16:30:21.618Z"}
{"level":"info","message":"Endpoint Inngest tersedia di http://localhost:3001/api/inngest","timestamp":"2025-08-18T16:30:21.624Z"}
{"level":"info","message":"Server Berjalan di port 3001","timestamp":"2025-08-18T16:30:29.767Z"}
{"level":"info","message":"Endpoint Inngest tersedia di http://localhost:3001/api/inngest","timestamp":"2025-08-18T16:30:29.771Z"}
{"level":"info","message":"Server Berjalan di port 3001","timestamp":"2025-08-18T16:30:34.079Z"}
{"level":"info","message":"Endpoint Inngest tersedia di http://localhost:3001/api/inngest","timestamp":"2025-08-18T16:30:34.082Z"}
{"level":"info","message":"Server Berjalan di port 3001","timestamp":"2025-08-18T16:31:56.727Z"}
{"level":"info","message":"Endpoint Inngest tersedia di http://localhost:3001/api/inngest","timestamp":"2025-08-18T16:31:56.743Z"}
{"level":"info","message":"Server Berjalan di port 3001","timestamp":"2025-08-18T16:32:07.362Z"}
{"level":"info","message":"Endpoint Inngest tersedia di http://localhost:3001/api/inngest","timestamp":"2025-08-18T16:32:07.366Z"}
{"level":"info","message":"Server Berjalan di port 3001","timestamp":"2025-08-18T16:32:29.658Z"}
{"level":"info","message":"Endpoint Inngest tersedia di http://localhost:3001/api/inngest","timestamp":"2025-08-18T16:32:29.662Z"}
{"level":"info","message":"Server Berjalan di port 3001","timestamp":"2025-08-18T16:32:36.449Z"}
{"level":"info","message":"Endpoint Inngest tersedia di http://localhost:3001/api/inngest","timestamp":"2025-08-18T16:32:36.455Z"}
{"level":"info","message":"Server Berjalan di port 3001","timestamp":"2025-08-18T16:32:42.291Z"}
{"level":"info","message":"Endpoint Inngest tersedia di http://localhost:3001/api/inngest","timestamp":"2025-08-18T16:32:42.296Z"}
{"level":"info","message":"Server Berjalan di port 3001","timestamp":"2025-08-18T16:32:48.969Z"}
{"level":"info","message":"Endpoint Inngest tersedia di http://localhost:3001/api/inngest","timestamp":"2025-08-18T16:32:48.976Z"}
{"level":"info","message":"Server Berjalan di port 3001","timestamp":"2025-08-18T16:32:53.431Z"}
{"level":"info","message":"Endpoint Inngest tersedia di http://localhost:3001/api/inngest","timestamp":"2025-08-18T16:32:53.438Z"}
{"level":"info","message":"Server Berjalan di port 3001","timestamp":"2025-08-18T16:32:58.794Z"}
{"level":"info","message":"Endpoint Inngest tersedia di http://localhost:3001/api/inngest","timestamp":"2025-08-18T16:32:58.799Z"}
{"level":"info","message":"Server Berjalan di port 3001","timestamp":"2025-08-18T16:33:02.975Z"}
{"level":"info","message":"Endpoint Inngest tersedia di http://localhost:3001/api/inngest","timestamp":"2025-08-18T16:33:02.980Z"}
{"level":"info","message":"Server Berjalan di port 3001","timestamp":"2025-08-18T16:33:07.771Z"}
{"level":"info","message":"Endpoint Inngest tersedia di http://localhost:3001/api/inngest","timestamp":"2025-08-18T16:33:07.775Z"}
{"level":"info","message":"Server Berjalan di port 3001","timestamp":"2025-08-18T16:33:18.898Z"}
{"level":"info","message":"Endpoint Inngest tersedia di http://localhost:3001/api/inngest","timestamp":"2025-08-18T16:33:18.908Z"}
{"level":"info","message":"Server Berjalan di port 3001","timestamp":"2025-08-18T16:33:24.426Z"}
{"level":"info","message":"Endpoint Inngest tersedia di http://localhost:3001/api/inngest","timestamp":"2025-08-18T16:33:24.431Z"}
{"level":"info","message":"Server Berjalan di port 3001","timestamp":"2025-08-18T16:33:34.538Z"}
{"level":"info","message":"Endpoint Inngest tersedia di http://localhost:3001/api/inngest","timestamp":"2025-08-18T16:33:34.542Z"}
{"level":"info","message":"Server Berjalan di port 3001","timestamp":"2025-08-18T16:47:05.991Z"}
{"level":"info","message":"Endpoint Inngest tersedia di http://localhost:3001/api/inngest","timestamp":"2025-08-18T16:47:06.012Z"}
{"level":"info","message":"Server Berjalan di port 3001","timestamp":"2025-08-18T16:47:09.408Z"}
{"level":"info","message":"Endpoint Inngest tersedia di http://localhost:3001/api/inngest","timestamp":"2025-08-18T16:47:09.412Z"}
{"level":"info","message":"Server Berjalan di port 3001","timestamp":"2025-08-18T16:47:15.107Z"}
{"level":"info","message":"Endpoint Inngest tersedia di http://localhost:3001/api/inngest","timestamp":"2025-08-18T16:47:15.111Z"}
{"level":"info","message":"Server Berjalan di port 3001","timestamp":"2025-08-18T16:47:20.133Z"}
{"level":"info","message":"Endpoint Inngest tersedia di http://localhost:3001/api/inngest","timestamp":"2025-08-18T16:47:20.139Z"}
{"level":"info","message":"Server Berjalan di port 3001","timestamp":"2025-08-18T16:47:24.236Z"}
{"level":"info","message":"Endpoint Inngest tersedia di http://localhost:3001/api/inngest","timestamp":"2025-08-18T16:47:24.240Z"}
{"level":"info","message":"Server Berjalan di port 3001","timestamp":"2025-08-18T16:47:27.488Z"}
{"level":"info","message":"Endpoint Inngest tersedia di http://localhost:3001/api/inngest","timestamp":"2025-08-18T16:47:27.492Z"}
{"level":"info","message":"Server Berjalan di port 3001","timestamp":"2025-08-18T16:47:34.068Z"}
{"level":"info","message":"Endpoint Inngest tersedia di http://localhost:3001/api/inngest","timestamp":"2025-08-18T16:47:34.072Z"}
{"level":"info","message":"Server Berjalan di port 3001","timestamp":"2025-08-18T16:47:37.710Z"}
{"level":"info","message":"Endpoint Inngest tersedia di http://localhost:3001/api/inngest","timestamp":"2025-08-18T16:47:37.714Z"}
{"level":"info","message":"Server Berjalan di port 3001","timestamp":"2025-08-18T16:47:43.456Z"}
{"level":"info","message":"Endpoint Inngest tersedia di http://localhost:3001/api/inngest","timestamp":"2025-08-18T16:47:43.461Z"}
{"level":"info","message":"Server Berjalan di port 3001","timestamp":"2025-08-18T16:47:48.345Z"}
{"level":"info","message":"Endpoint Inngest tersedia di http://localhost:3001/api/inngest","timestamp":"2025-08-18T16:47:48.349Z"}
{"level":"info","message":"Server Berjalan di port 3001","timestamp":"2025-08-18T16:47:56.565Z"}
{"level":"info","message":"Endpoint Inngest tersedia di http://localhost:3001/api/inngest","timestamp":"2025-08-18T16:47:56.568Z"}
{"level":"info","message":"Terhubung ke MongoDB Atlas","timestamp":"2025-09-22T16:34:26.573Z"}
{"level":"info","message":"Server is running on port 3001","timestamp":"2025-09-22T16:34:26.591Z"}
{"level":"info","message":"Inngest endpoint available at http://localhost:3001/api/inngest","timestamp":"2025-09-22T16:34:26.593Z"}
{"level":"info","message":"Terhubung ke MongoDB Atlas","timestamp":"2025-09-22T16:36:01.667Z"}
{"level":"info","message":"Server is running on port 3001","timestamp":"2025-09-22T16:36:01.680Z"}
{"level":"info","message":"Inngest endpoint available at http://localhost:3001/api/inngest","timestamp":"2025-09-22T16:36:01.683Z"}
{"level":"info","message":"Terhubung ke MongoDB Atlas","timestamp":"2025-09-22T16:36:23.571Z"}
{"level":"info","message":"Server is running on port 3001","timestamp":"2025-09-22T16:36:23.586Z"}
{"level":"info","message":"Inngest endpoint available at http://localhost:3001/api/inngest","timestamp":"2025-09-22T16:36:23.588Z"}
{"level":"info","message":"Terhubung ke MongoDB Atlas","timestamp":"2025-09-23T07:34:17.034Z"}
{"level":"info","message":"Server is running on port 3001","timestamp":"2025-09-23T07:34:17.054Z"}
{"level":"info","message":"Inngest endpoint available at http://localhost:3001/api/inngest","timestamp":"2025-09-23T07:34:17.057Z"}
{"level":"info","message":"Terhubung ke MongoDB Atlas","timestamp":"2025-09-23T09:42:30.733Z"}
{"level":"info","message":"Server is running on port 3001","timestamp":"2025-09-23T09:42:30.757Z"}
{"level":"info","message":"Inngest endpoint available at http://localhost:3001/api/inngest","timestamp":"2025-09-23T09:42:30.758Z"}
{"level":"info","message":"Terhubung ke MongoDB Atlas","timestamp":"2025-09-24T06:49:52.406Z"}
{"level":"info","message":"Server is running on port 3001","timestamp":"2025-09-24T06:49:52.430Z"}
{"level":"info","message":"Inngest endpoint available at http://localhost:3001/api/inngest","timestamp":"2025-09-24T06:49:52.432Z"}
{"level":"info","message":"Terhubung ke MongoDB Atlas","timestamp":"2025-09-24T06:56:08.029Z"}
{"level":"info","message":"Server is running on port 3001","timestamp":"2025-09-24T06:56:08.043Z"}
{"level":"info","message":"Inngest endpoint available at http://localhost:3001/api/inngest","timestamp":"2025-09-24T06:56:08.044Z"}
{"level":"info","message":"Terhubung ke MongoDB Atlas","timestamp":"2025-09-24T09:11:40.693Z"}
{"level":"info","message":"Server is running on port 3001","timestamp":"2025-09-24T09:11:40.726Z"}
{"level":"info","message":"Inngest endpoint available at http://localhost:3001/api/inngest","timestamp":"2025-09-24T09:11:40.728Z"}
{"code":"ETIMEOUT","hostname":"mindmate.wfzp3rt.mongodb.net","level":"error","message":"Koneksi MongoDB error: queryTxt ETIMEOUT mindmate.wfzp3rt.mongodb.net","stack":"Error: queryTxt ETIMEOUT mindmate.wfzp3rt.mongodb.net\n    at QueryReqWrap.onresolve [as oncomplete] (node:internal/dns/promises:294:17)","syscall":"queryTxt","timestamp":"2025-09-25T02:01:01.266Z"}
{"code":"ETIMEOUT","hostname":"mindmate.wfzp3rt.mongodb.net","level":"error","message":"Koneksi MongoDB error: queryTxt ETIMEOUT mindmate.wfzp3rt.mongodb.net","stack":"Error: queryTxt ETIMEOUT mindmate.wfzp3rt.mongodb.net\n    at QueryReqWrap.onresolve [as oncomplete] (node:internal/dns/promises:294:17)","syscall":"queryTxt","timestamp":"2025-09-26T04:47:15.362Z"}
{"level":"info","message":"Terhubung ke MongoDB Atlas","timestamp":"2025-09-27T05:42:06.284Z"}
{"level":"info","message":"Server is running on port 3001","timestamp":"2025-09-27T05:42:06.302Z"}
{"level":"info","message":"Inngest endpoint available at http://localhost:3001/api/inngest","timestamp":"2025-09-27T05:42:06.303Z"}
{"level":"info","message":"Terhubung ke MongoDB Atlas","timestamp":"2025-09-27T06:11:18.408Z"}
{"level":"info","message":"Server is running on port 3001","timestamp":"2025-09-27T06:11:18.453Z"}
{"level":"info","message":"Inngest endpoint available at http://localhost:3001/api/inngest","timestamp":"2025-09-27T06:11:18.454Z"}
{"_message":"Activity validation failed","errors":{"duration":{"kind":"Number","message":"Cast to Number failed for value \"30 minutes\" (type string) at path \"duration\"","name":"CastError","path":"duration","reason":{"actual":false,"code":"ERR_ASSERTION","diff":"simple","expected":true,"generatedMessage":true,"operator":"=="},"stringValue":"\"30 minutes\"","value":"30 minutes","valueType":"string"},"type":{"kind":"enum","message":"`Running` is not a valid enum value for path `type`.","name":"ValidatorError","path":"type","properties":{"enumValues":["meditation","exercise","walking","reading","journaling","therapy"],"message":"`Running` is not a valid enum value for path `type`.","path":"type","type":"enum","value":"Running"},"value":"Running"},"userId":{"kind":"required","message":"Path `userId` is required.","name":"ValidatorError","path":"userId","properties":{"message":"Path `userId` is required.","path":"userId","type":"required"}}},"level":"error","message":"Error Di Luar Nalar: Activity validation failed: duration: Cast to Number failed for value \"30 minutes\" (type string) at path \"duration\", userId: Path `userId` is required., type: `Running` is not a valid enum value for path `type`.","stack":"ValidationError: Activity validation failed: duration: Cast to Number failed for value \"30 minutes\" (type string) at path \"duration\", userId: Path `userId` is required., type: `Running` is not a valid enum value for path `type`.\n    at model.Document.invalidate (D:\\Visual Studio Code\\Project\\MindMate\\backend\\node_modules\\mongoose\\lib\\document.js:3358:32)\n    at model.$set (D:\\Visual Studio Code\\Project\\MindMate\\backend\\node_modules\\mongoose\\lib\\document.js:1480:12)\n    at model.$set (D:\\Visual Studio Code\\Project\\MindMate\\backend\\node_modules\\mongoose\\lib\\document.js:1132:16)\n    at model.Document (D:\\Visual Studio Code\\Project\\MindMate\\backend\\node_modules\\mongoose\\lib\\document.js:178:12)\n    at model.Model (D:\\Visual Studio Code\\Project\\MindMate\\backend\\node_modules\\mongoose\\lib\\model.js:127:12)\n    at new model (D:\\Visual Studio Code\\Project\\MindMate\\backend\\node_modules\\mongoose\\lib\\model.js:4826:15)\n    at logActivity (D:\\Visual Studio Code\\Project\\MindMate\\backend\\src\\controllers\\activityController.ts:15:26)\n    at Layer.handleRequest (D:\\Visual Studio Code\\Project\\MindMate\\backend\\node_modules\\router\\lib\\layer.js:152:17)\n    at next (D:\\Visual Studio Code\\Project\\MindMate\\backend\\node_modules\\router\\lib\\route.js:157:13)\n    at Route.dispatch (D:\\Visual Studio Code\\Project\\MindMate\\backend\\node_modules\\router\\lib\\route.js:117:3)","timestamp":"2025-09-27T06:12:08.748Z"}
{"_message":"Activity validation failed","errors":{"duration":{"kind":"Number","message":"Cast to Number failed for value \"30 minutes\" (type string) at path \"duration\"","name":"CastError","path":"duration","reason":{"actual":false,"code":"ERR_ASSERTION","diff":"simple","expected":true,"generatedMessage":true,"operator":"=="},"stringValue":"\"30 minutes\"","value":"30 minutes","valueType":"string"},"type":{"kind":"enum","message":"`Running` is not a valid enum value for path `type`.","name":"ValidatorError","path":"type","properties":{"enumValues":["meditation","exercise","walking","reading","journaling","therapy"],"message":"`Running` is not a valid enum value for path `type`.","path":"type","type":"enum","value":"Running"},"value":"Running"},"userId":{"kind":"required","message":"Path `userId` is required.","name":"ValidatorError","path":"userId","properties":{"message":"Path `userId` is required.","path":"userId","type":"required"}}},"level":"error","message":"Error Di Luar Nalar: Activity validation failed: duration: Cast to Number failed for value \"30 minutes\" (type string) at path \"duration\", userId: Path `userId` is required., type: `Running` is not a valid enum value for path `type`.","stack":"ValidationError: Activity validation failed: duration: Cast to Number failed for value \"30 minutes\" (type string) at path \"duration\", userId: Path `userId` is required., type: `Running` is not a valid enum value for path `type`.\n    at model.Document.invalidate (D:\\Visual Studio Code\\Project\\MindMate\\backend\\node_modules\\mongoose\\lib\\document.js:3358:32)\n    at model.$set (D:\\Visual Studio Code\\Project\\MindMate\\backend\\node_modules\\mongoose\\lib\\document.js:1480:12)\n    at model.$set (D:\\Visual Studio Code\\Project\\MindMate\\backend\\node_modules\\mongoose\\lib\\document.js:1132:16)\n    at model.Document (D:\\Visual Studio Code\\Project\\MindMate\\backend\\node_modules\\mongoose\\lib\\document.js:178:12)\n    at model.Model (D:\\Visual Studio Code\\Project\\MindMate\\backend\\node_modules\\mongoose\\lib\\model.js:127:12)\n    at new model (D:\\Visual Studio Code\\Project\\MindMate\\backend\\node_modules\\mongoose\\lib\\model.js:4826:15)\n    at logActivity (D:\\Visual Studio Code\\Project\\MindMate\\backend\\src\\controllers\\activityController.ts:15:26)\n    at Layer.handleRequest (D:\\Visual Studio Code\\Project\\MindMate\\backend\\node_modules\\router\\lib\\layer.js:152:17)\n    at next (D:\\Visual Studio Code\\Project\\MindMate\\backend\\node_modules\\router\\lib\\route.js:157:13)\n    at Route.dispatch (D:\\Visual Studio Code\\Project\\MindMate\\backend\\node_modules\\router\\lib\\route.js:117:3)","timestamp":"2025-09-27T06:15:37.287Z"}
{"_message":"Activity validation failed","errors":{"duration":{"kind":"Number","message":"Cast to Number failed for value \"30 minutes\" (type string) at path \"duration\"","name":"CastError","path":"duration","reason":{"actual":false,"code":"ERR_ASSERTION","diff":"simple","expected":true,"generatedMessage":true,"operator":"=="},"stringValue":"\"30 minutes\"","value":"30 minutes","valueType":"string"},"type":{"kind":"enum","message":"`Running` is not a valid enum value for path `type`.","name":"ValidatorError","path":"type","properties":{"enumValues":["meditation","exercise","walking","reading","journaling","therapy"],"message":"`Running` is not a valid enum value for path `type`.","path":"type","type":"enum","value":"Running"},"value":"Running"},"userId":{"kind":"required","message":"Path `userId` is required.","name":"ValidatorError","path":"userId","properties":{"message":"Path `userId` is required.","path":"userId","type":"required"}}},"level":"error","message":"Error Di Luar Nalar: Activity validation failed: duration: Cast to Number failed for value \"30 minutes\" (type string) at path \"duration\", userId: Path `userId` is required., type: `Running` is not a valid enum value for path `type`.","stack":"ValidationError: Activity validation failed: duration: Cast to Number failed for value \"30 minutes\" (type string) at path \"duration\", userId: Path `userId` is required., type: `Running` is not a valid enum value for path `type`.\n    at model.Document.invalidate (D:\\Visual Studio Code\\Project\\MindMate\\backend\\node_modules\\mongoose\\lib\\document.js:3358:32)\n    at model.$set (D:\\Visual Studio Code\\Project\\MindMate\\backend\\node_modules\\mongoose\\lib\\document.js:1480:12)\n    at model.$set (D:\\Visual Studio Code\\Project\\MindMate\\backend\\node_modules\\mongoose\\lib\\document.js:1132:16)\n    at model.Document (D:\\Visual Studio Code\\Project\\MindMate\\backend\\node_modules\\mongoose\\lib\\document.js:178:12)\n    at model.Model (D:\\Visual Studio Code\\Project\\MindMate\\backend\\node_modules\\mongoose\\lib\\model.js:127:12)\n    at new model (D:\\Visual Studio Code\\Project\\MindMate\\backend\\node_modules\\mongoose\\lib\\model.js:4826:15)\n    at logActivity (D:\\Visual Studio Code\\Project\\MindMate\\backend\\src\\controllers\\activityController.ts:15:26)\n    at Layer.handleRequest (D:\\Visual Studio Code\\Project\\MindMate\\backend\\node_modules\\router\\lib\\layer.js:152:17)\n    at next (D:\\Visual Studio Code\\Project\\MindMate\\backend\\node_modules\\router\\lib\\route.js:157:13)\n    at Route.dispatch (D:\\Visual Studio Code\\Project\\MindMate\\backend\\node_modules\\router\\lib\\route.js:117:3)","timestamp":"2025-09-27T06:15:56.413Z"}
{"_message":"Activity validation failed","errors":{"duration":{"kind":"Number","message":"Cast to Number failed for value \"30 minutes\" (type string) at path \"duration\"","name":"CastError","path":"duration","reason":{"actual":false,"code":"ERR_ASSERTION","diff":"simple","expected":true,"generatedMessage":true,"operator":"=="},"stringValue":"\"30 minutes\"","value":"30 minutes","valueType":"string"},"type":{"kind":"enum","message":"`Running` is not a valid enum value for path `type`.","name":"ValidatorError","path":"type","properties":{"enumValues":["meditation","exercise","walking","reading","journaling","therapy"],"message":"`Running` is not a valid enum value for path `type`.","path":"type","type":"enum","value":"Running"},"value":"Running"},"userId":{"kind":"required","message":"Path `userId` is required.","name":"ValidatorError","path":"userId","properties":{"message":"Path `userId` is required.","path":"userId","type":"required"}}},"level":"error","message":"Error Di Luar Nalar: Activity validation failed: duration: Cast to Number failed for value \"30 minutes\" (type string) at path \"duration\", userId: Path `userId` is required., type: `Running` is not a valid enum value for path `type`.","stack":"ValidationError: Activity validation failed: duration: Cast to Number failed for value \"30 minutes\" (type string) at path \"duration\", userId: Path `userId` is required., type: `Running` is not a valid enum value for path `type`.\n    at model.Document.invalidate (D:\\Visual Studio Code\\Project\\MindMate\\backend\\node_modules\\mongoose\\lib\\document.js:3358:32)\n    at model.$set (D:\\Visual Studio Code\\Project\\MindMate\\backend\\node_modules\\mongoose\\lib\\document.js:1480:12)\n    at model.$set (D:\\Visual Studio Code\\Project\\MindMate\\backend\\node_modules\\mongoose\\lib\\document.js:1132:16)\n    at model.Document (D:\\Visual Studio Code\\Project\\MindMate\\backend\\node_modules\\mongoose\\lib\\document.js:178:12)\n    at model.Model (D:\\Visual Studio Code\\Project\\MindMate\\backend\\node_modules\\mongoose\\lib\\model.js:127:12)\n    at new model (D:\\Visual Studio Code\\Project\\MindMate\\backend\\node_modules\\mongoose\\lib\\model.js:4826:15)\n    at logActivity (D:\\Visual Studio Code\\Project\\MindMate\\backend\\src\\controllers\\activityController.ts:15:26)\n    at Layer.handleRequest (D:\\Visual Studio Code\\Project\\MindMate\\backend\\node_modules\\router\\lib\\layer.js:152:17)\n    at next (D:\\Visual Studio Code\\Project\\MindMate\\backend\\node_modules\\router\\lib\\route.js:157:13)\n    at Route.dispatch (D:\\Visual Studio Code\\Project\\MindMate\\backend\\node_modules\\router\\lib\\route.js:117:3)","timestamp":"2025-09-27T06:16:01.853Z"}
{"level":"info","message":"Terhubung ke MongoDB Atlas","timestamp":"2025-09-27T06:17:43.441Z"}
{"level":"info","message":"Server is running on port 3001","timestamp":"2025-09-27T06:17:43.456Z"}
{"level":"info","message":"Inngest endpoint available at http://localhost:3001/api/inngest","timestamp":"2025-09-27T06:17:43.459Z"}
{"level":"info","message":"Terhubung ke MongoDB Atlas","timestamp":"2025-09-27T06:21:24.949Z"}
{"level":"info","message":"Server is running on port 3001","timestamp":"2025-09-27T06:21:24.963Z"}
{"level":"info","message":"Inngest endpoint available at http://localhost:3001/api/inngest","timestamp":"2025-09-27T06:21:24.964Z"}
{"_message":"Activity validation failed","errors":{"userId":{"kind":"required","message":"Path `userId` is required.","name":"ValidatorError","path":"userId","properties":{"message":"Path `userId` is required.","path":"userId","type":"required"}}},"level":"error","message":"Error Di Luar Nalar: Activity validation failed: userId: Path `userId` is required.","stack":"ValidationError: Activity validation failed: userId: Path `userId` is required.\n    at model.Document.invalidate (D:\\Visual Studio Code\\Project\\MindMate\\backend\\node_modules\\mongoose\\lib\\document.js:3358:32)\n    at D:\\Visual Studio Code\\Project\\MindMate\\backend\\node_modules\\mongoose\\lib\\document.js:3119:17\n    at D:\\Visual Studio Code\\Project\\MindMate\\backend\\node_modules\\mongoose\\lib\\schemaType.js:1410:9\n    at processTicksAndRejections (node:internal/process/task_queues:85:11)","timestamp":"2025-09-27T06:22:03.262Z"}
{"level":"info","message":"Terhubung ke MongoDB Atlas","timestamp":"2025-09-27T06:23:28.893Z"}
{"level":"info","message":"Server is running on port 3001","timestamp":"2025-09-27T06:23:28.909Z"}
{"level":"info","message":"Inngest endpoint available at http://localhost:3001/api/inngest","timestamp":"2025-09-27T06:23:28.912Z"}
{"level":"info","message":"Terhubung ke MongoDB Atlas","timestamp":"2025-09-27T06:23:50.548Z"}
{"level":"info","message":"Server is running on port 3001","timestamp":"2025-09-27T06:23:50.561Z"}
{"level":"info","message":"Inngest endpoint available at http://localhost:3001/api/inngest","timestamp":"2025-09-27T06:23:50.563Z"}
{"level":"info","message":"Aktivitas logged untuk user 68d26b9908cea9fbca081edf","timestamp":"2025-09-27T06:24:36.009Z"}
{"level":"info","message":"Terhubung ke MongoDB Atlas","timestamp":"2025-09-27T07:08:37.343Z"}
{"level":"info","message":"Server is running on port 3001","timestamp":"2025-09-27T07:08:37.354Z"}
{"level":"info","message":"Inngest endpoint available at http://localhost:3001/api/inngest","timestamp":"2025-09-27T07:08:37.355Z"}
{"level":"info","message":"Mood entry dibuat untuk user 68d26b9908cea9fbca081edf: {\n  userId: new ObjectId('68d26b9908cea9fbca081edf'),\n  score: 3,\n  note: 'Feeling okay today',\n  timestamp: 2025-09-27T07:12:02.443Z,\n  _id: new ObjectId('68d78e423444fe2426376af2'),\n  createdAt: 2025-09-27T07:12:02.453Z,\n  updatedAt: 2025-09-27T07:12:02.453Z,\n  __v: 0\n}","timestamp":"2025-09-27T07:12:02.509Z"}
{"level":"info","message":"Mood entry dibuat untuk user 68d26b9908cea9fbca081edf: {\n  userId: new ObjectId('68d26b9908cea9fbca081edf'),\n  score: 7,\n  note: 'note_',\n  timestamp: 2025-09-27T07:46:20.950Z,\n  _id: new ObjectId('68d7964c3444fe2426376af8'),\n  createdAt: 2025-09-27T07:46:20.952Z,\n  updatedAt: 2025-09-27T07:46:20.952Z,\n  __v: 0\n}","timestamp":"2025-09-27T07:46:21.007Z"}
{"level":"info","message":"Terhubung ke MongoDB Atlas","timestamp":"2025-10-06T11:11:49.654Z"}
{"level":"info","message":"Server is running on port 3001","timestamp":"2025-10-06T11:11:49.662Z"}
{"level":"info","message":"Inngest endpoint available at http://localhost:3001/api/inngest","timestamp":"2025-10-06T11:11:49.662Z"}
{"level":"info","message":"Terhubung ke MongoDB Atlas","timestamp":"2025-10-06T12:23:26.216Z"}
{"level":"info","message":"Server is running on port 3001","timestamp":"2025-10-06T12:23:26.284Z"}
{"level":"info","message":"Inngest endpoint available at http://localhost:3001/api/inngest","timestamp":"2025-10-06T12:23:26.286Z"}
{"level":"info","message":"Terhubung ke MongoDB Atlas","timestamp":"2025-10-06T13:26:42.420Z"}
{"level":"info","message":"Server is running on port 3001","timestamp":"2025-10-06T13:26:42.447Z"}
{"level":"info","message":"Inngest endpoint available at http://localhost:3001/api/inngest","timestamp":"2025-10-06T13:26:42.448Z"}
